Arguments: 
  /Users/javiersuweijie/.nvm/versions/node/v16.16.0/bin/node /Users/javiersuweijie/.nvm/versions/node/v16.16.0/bin/yarn add -D @types/node-pop3

PATH: 
  /opt/homebrew/bin:/opt/homebrew/sbin:/Library/Frameworks/Python.framework/Versions/2.7/bin:/usr/local/bin:/usr/bin:/bin:/usr/sbin:/sbin:/usr/local/go/bin:/usr/local/MacGPG2/bin:/Applications/Keybase.app/Contents/SharedSupport/bin:/Users/javiersuweijie/.nvm/versions/node/v16.16.0/bin:/Users/javiersuweijie/.bun/bin:/opt/homebrew/bin:/opt/homebrew/sbin:/Library/Frameworks/Python.framework/Versions/2.7/bin:/Users/javiersuweijie/.cargo/bin:/Users/javiersuweijie/bin:/Users/javiersuweijie/go/bin:/Users/javiersuweijie/.foundry/bin

Yarn version: 
  1.22.19

Node version: 
  16.16.0

Platform: 
  darwin arm64

Trace: 
  Error: https://registry.yarnpkg.com/@types%2fnode-pop3: Not found
      at Request.params.callback [as _callback] (/Users/javiersuweijie/.nvm/versions/node/v16.16.0/lib/node_modules/yarn/lib/cli.js:66145:18)
      at Request.self.callback (/Users/javiersuweijie/.nvm/versions/node/v16.16.0/lib/node_modules/yarn/lib/cli.js:140890:22)
      at Request.emit (node:events:527:28)
      at Request.<anonymous> (/Users/javiersuweijie/.nvm/versions/node/v16.16.0/lib/node_modules/yarn/lib/cli.js:141862:10)
      at Request.emit (node:events:527:28)
      at IncomingMessage.<anonymous> (/Users/javiersuweijie/.nvm/versions/node/v16.16.0/lib/node_modules/yarn/lib/cli.js:141784:12)
      at Object.onceWrapper (node:events:641:28)
      at IncomingMessage.emit (node:events:539:35)
      at endReadableNT (node:internal/streams/readable:1345:12)
      at processTicksAndRejections (node:internal/process/task_queues:83:21)

npm manifest: 
  {
    "name": "relayer",
    "version": "0.0.1",
    "main": "index.js",
    "license": "MIT",
    "dependencies": {
      "dotenv": "^16.3.1",
      "node-pop3": "^0.9.0"
    }
  }

yarn manifest: 
  No manifest

Lockfile: 
  # THIS IS AN AUTOGENERATED FILE. DO NOT EDIT THIS FILE DIRECTLY.
  # yarn lockfile v1
  
  
  dotenv@^16.3.1:
    version "16.3.1"
    resolved "https://registry.yarnpkg.com/dotenv/-/dotenv-16.3.1.tgz#369034de7d7e5b120972693352a3bf112172cc3e"
    integrity sha512-IPzF4w4/Rd94bA9imS68tZBaYyBWSCE47V1RGuMrB94iyTOIEwRmVL2x/4An+6mETpLrKJ5hQkB8W4kFAadeIQ==
  
  node-pop3@^0.9.0:
    version "0.9.0"
    resolved "https://registry.yarnpkg.com/node-pop3/-/node-pop3-0.9.0.tgz#85a135829bebdcbdb5d0b0c78e0d1d83bc5cd145"
    integrity sha512-gpIThvbgXKia3K3pdEF7j5i+2MKp+NnZik5YOfhrmXW2BGFu0/e0ZgmZXdW+E6cubfHPq80Qz8hYGDCld7hKxA==
